RobotLineFollow/build/intermediates/manifest_merge_blame_file/release/manifest-merger-blame-release-report.txt
1<?xml version="1.0" encoding="utf-8"?>
2<manifest xmlns:android="http://schemas.android.com/apk/res/android"
3    package="com.asus.robotlinefollow"
4    android:versionCode="1"
5    android:versionName="1.0" >
6
7    <uses-sdk
8        android:minSdkVersion="23"
8-->src\main\AndroidManifest.xml
9        android:targetSdkVersion="28" />
9-->src\main\AndroidManifest.xml
10
11    <application
11-->src\main\AndroidManifest.xml:5:5-21:19
12        android:allowBackup="true"
12-->src\main\AndroidManifest.xml:6:9-35
13        android:appComponentFactory="android.support.v4.app.CoreComponentFactory"
13-->[com.android.support:support-compat:28.0.0] AndroidManifest.xml:22:18-91
14        android:icon="@mipmap/ic_launcher"
14-->src\main\AndroidManifest.xml:7:9-43
15        android:label="@string/app_name"
15-->src\main\AndroidManifest.xml:8:9-41
16        android:roundIcon="@mipmap/ic_launcher_round"
16-->src\main\AndroidManifest.xml:9:9-54
17        android:supportsRtl="true"
17-->src\main\AndroidManifest.xml:10:9-35
18        android:theme="@style/RobotDevToolTheme" >
18-->src\main\AndroidManifest.xml:11:9-49
19        <activity android:name="com.asus.robotlinefollow.MainActivity" >
19-->src\main\AndroidManifest.xml:12:9-20:20
19-->src\main\AndroidManifest.xml:12:19-47
20            <intent-filter>
20-->src\main\AndroidManifest.xml:13:13-19:29
21                <action android:name="android.intent.action.MAIN" />
21-->src\main\AndroidManifest.xml:14:17-69
21-->src\main\AndroidManifest.xml:14:25-66
22
23                <category android:name="android.intent.category.LAUNCHER" />
23-->src\main\AndroidManifest.xml:15:17-77
23-->src\main\AndroidManifest.xml:15:27-74
24                <category android:name="com.asus.intent.category.ZENBO" />
24-->src\main\AndroidManifest.xml:17:17-75
24-->src\main\AndroidManifest.xml:17:27-72
25                <category android:name="com.asus.intent.category.ZENBO_LAUNCHER" />
25-->src\main\AndroidManifest.xml:18:17-84
25-->src\main\AndroidManifest.xml:18:27-81
26            </intent-filter>
27        </activity>
28    </application>
29
30</manifest>